No directories configured for AnnotationConfigurationPass.
Symfony\Component\DependencyInjection\Compiler\ResolveDefinitionTemplatesPass: Resolving inheritance for "templating.asset.default_package" (parent: templating.asset.path_package).
Symfony\Component\DependencyInjection\Compiler\ResolveDefinitionTemplatesPass: Resolving inheritance for "security.user.provider.concrete.main" (parent: doctrine.orm.security.user.provider).
Symfony\Component\DependencyInjection\Compiler\ResolveDefinitionTemplatesPass: Resolving inheritance for "security.firewall.map.context.dev" (parent: security.firewall.context).
Symfony\Component\DependencyInjection\Compiler\ResolveDefinitionTemplatesPass: Resolving inheritance for "security.context_listener.0" (parent: security.context_listener).
Symfony\Component\DependencyInjection\Compiler\ResolveDefinitionTemplatesPass: Resolving inheritance for "security.logout_listener.general" (parent: security.logout_listener).
Symfony\Component\DependencyInjection\Compiler\ResolveDefinitionTemplatesPass: Resolving inheritance for "security.logout.success_handler.general" (parent: security.logout.success_handler).
Symfony\Component\DependencyInjection\Compiler\ResolveDefinitionTemplatesPass: Resolving inheritance for "security.authentication.provider.dao.general" (parent: security.authentication.provider.dao).
Symfony\Component\DependencyInjection\Compiler\ResolveDefinitionTemplatesPass: Resolving inheritance for "security.authentication.success_handler.general.form_login" (parent: security.authentication.success_handler).
Symfony\Component\DependencyInjection\Compiler\ResolveDefinitionTemplatesPass: Resolving inheritance for "security.authentication.failure_handler.general.form_login" (parent: security.authentication.failure_handler).
Symfony\Component\DependencyInjection\Compiler\ResolveDefinitionTemplatesPass: Resolving inheritance for "security.authentication.listener.form" (parent: security.authentication.listener.abstract).
Symfony\Component\DependencyInjection\Compiler\ResolveDefinitionTemplatesPass: Resolving inheritance for "security.authentication.listener.form.general" (parent: security.authentication.listener.form).
Symfony\Component\DependencyInjection\Compiler\ResolveDefinitionTemplatesPass: Resolving inheritance for "security.authentication.form_entry_point.general" (parent: security.authentication.form_entry_point).
Symfony\Component\DependencyInjection\Compiler\ResolveDefinitionTemplatesPass: Resolving inheritance for "security.authentication.listener.basic.general" (parent: security.authentication.listener.basic).
Symfony\Component\DependencyInjection\Compiler\ResolveDefinitionTemplatesPass: Resolving inheritance for "security.authentication.provider.rememberme.general" (parent: security.authentication.provider.rememberme).
Symfony\Component\DependencyInjection\Compiler\ResolveDefinitionTemplatesPass: Resolving inheritance for "security.authentication.rememberme.services.simplehash" (parent: security.authentication.rememberme.services.abstract).
Symfony\Component\DependencyInjection\Compiler\ResolveDefinitionTemplatesPass: Resolving inheritance for "security.authentication.rememberme.services.simplehash.general" (parent: security.authentication.rememberme.services.simplehash).
Symfony\Component\DependencyInjection\Compiler\ResolveDefinitionTemplatesPass: Resolving inheritance for "security.authentication.listener.rememberme.general" (parent: security.authentication.listener.rememberme).
Symfony\Component\DependencyInjection\Compiler\ResolveDefinitionTemplatesPass: Resolving inheritance for "security.authentication.listener.anonymous.general" (parent: security.authentication.listener.anonymous).
Symfony\Component\DependencyInjection\Compiler\ResolveDefinitionTemplatesPass: Resolving inheritance for "security.authentication.provider.anonymous.general" (parent: security.authentication.provider.anonymous).
Symfony\Component\DependencyInjection\Compiler\ResolveDefinitionTemplatesPass: Resolving inheritance for "security.exception_listener.general" (parent: security.exception_listener).
Symfony\Component\DependencyInjection\Compiler\ResolveDefinitionTemplatesPass: Resolving inheritance for "security.firewall.map.context.general" (parent: security.firewall.context).
Symfony\Component\DependencyInjection\Compiler\ResolveDefinitionTemplatesPass: Resolving inheritance for "monolog.logger" (parent: monolog.logger_prototype).
Symfony\Component\DependencyInjection\Compiler\ResolveDefinitionTemplatesPass: Resolving inheritance for "doctrine.dbal.default_connection.configuration" (parent: doctrine.dbal.connection.configuration).
Symfony\Component\DependencyInjection\Compiler\ResolveDefinitionTemplatesPass: Resolving inheritance for "doctrine.dbal.logger.profiling.default" (parent: doctrine.dbal.logger.profiling).
Symfony\Component\DependencyInjection\Compiler\ResolveDefinitionTemplatesPass: Resolving inheritance for "doctrine.dbal.logger.chain.default" (parent: doctrine.dbal.logger.chain).
Symfony\Component\DependencyInjection\Compiler\ResolveDefinitionTemplatesPass: Resolving inheritance for "doctrine.dbal.default_connection.event_manager" (parent: doctrine.dbal.connection.event_manager).
Symfony\Component\DependencyInjection\Compiler\ResolveDefinitionTemplatesPass: Resolving inheritance for "doctrine.dbal.default_connection" (parent: doctrine.dbal.connection).
Symfony\Component\DependencyInjection\Compiler\ResolveDefinitionTemplatesPass: Resolving inheritance for "doctrine.orm.default_configuration" (parent: doctrine.orm.configuration).
Symfony\Component\DependencyInjection\Compiler\ResolveDefinitionTemplatesPass: Resolving inheritance for "doctrine.orm.default_manager_configurator" (parent: doctrine.orm.manager_configurator.abstract).
Symfony\Component\DependencyInjection\Compiler\ResolveDefinitionTemplatesPass: Resolving inheritance for "monolog.logger.request" (parent: monolog.logger_prototype).
Symfony\Component\DependencyInjection\Compiler\ResolveDefinitionTemplatesPass: Resolving inheritance for "monolog.logger.event" (parent: monolog.logger_prototype).
Symfony\Component\DependencyInjection\Compiler\ResolveDefinitionTemplatesPass: Resolving inheritance for "monolog.logger.router" (parent: monolog.logger_prototype).
Symfony\Component\DependencyInjection\Compiler\ResolveDefinitionTemplatesPass: Resolving inheritance for "monolog.logger.templating" (parent: monolog.logger_prototype).
Symfony\Component\DependencyInjection\Compiler\ResolveDefinitionTemplatesPass: Resolving inheritance for "monolog.logger.security" (parent: monolog.logger_prototype).
Symfony\Component\DependencyInjection\Compiler\ResolveDefinitionTemplatesPass: Resolving inheritance for "monolog.logger.doctrine" (parent: monolog.logger_prototype).
Symfony\Component\DependencyInjection\Compiler\ResolveDefinitionTemplatesPass: Resolving inheritance for "doctrine.orm.default_entity_manager.delegate" (parent: doctrine.orm.entity_manager.abstract).
Symfony\Component\DependencyInjection\Compiler\RemovePrivateAliasesPass: Removed service "assetic.value_supplier"; reason: private alias
Symfony\Component\DependencyInjection\Compiler\RemovePrivateAliasesPass: Removed service "doctrine.dbal.event_manager"; reason: private alias
Symfony\Component\DependencyInjection\Compiler\RemovePrivateAliasesPass: Removed service "doctrine.orm.metadata.annotation_reader"; reason: private alias
Symfony\Component\DependencyInjection\Compiler\RemovePrivateAliasesPass: Removed service "doctrine.orm.default_entity_manager.event_manager"; reason: private alias
Symfony\Component\DependencyInjection\Compiler\RemovePrivateAliasesPass: Removed service "jms_di_extra.metadata.cache"; reason: private alias
Symfony\Component\DependencyInjection\Compiler\RemovePrivateAliasesPass: Removed service "controller_resolver"; reason: private alias
Symfony\Component\DependencyInjection\Compiler\RemoveAbstractDefinitionsPass: Removed service "templating.asset.path_package"; reason: abstract
Symfony\Component\DependencyInjection\Compiler\RemoveAbstractDefinitionsPass: Removed service "templating.asset.url_package"; reason: abstract
Symfony\Component\DependencyInjection\Compiler\RemoveAbstractDefinitionsPass: Removed service "templating.asset.request_aware_package"; reason: abstract
Symfony\Component\DependencyInjection\Compiler\RemoveAbstractDefinitionsPass: Removed service "security.firewall.context"; reason: abstract
Symfony\Component\DependencyInjection\Compiler\RemoveAbstractDefinitionsPass: Removed service "security.user.provider.in_memory"; reason: abstract
Symfony\Component\DependencyInjection\Compiler\RemoveAbstractDefinitionsPass: Removed service "security.user.provider.in_memory.user"; reason: abstract
Symfony\Component\DependencyInjection\Compiler\RemoveAbstractDefinitionsPass: Removed service "security.user.provider.chain"; reason: abstract
Symfony\Component\DependencyInjection\Compiler\RemoveAbstractDefinitionsPass: Removed service "security.logout_listener"; reason: abstract
Symfony\Component\DependencyInjection\Compiler\RemoveAbstractDefinitionsPass: Removed service "security.logout.handler.cookie_clearing"; reason: abstract
Symfony\Component\DependencyInjection\Compiler\RemoveAbstractDefinitionsPass: Removed service "security.logout.success_handler"; reason: abstract
Symfony\Component\DependencyInjection\Compiler\RemoveAbstractDefinitionsPass: Removed service "security.authentication.form_entry_point"; reason: abstract
Symfony\Component\DependencyInjection\Compiler\RemoveAbstractDefinitionsPass: Removed service "security.authentication.listener.abstract"; reason: abstract
Symfony\Component\DependencyInjection\Compiler\RemoveAbstractDefinitionsPass: Removed service "security.authentication.success_handler"; reason: abstract
Symfony\Component\DependencyInjection\Compiler\RemoveAbstractDefinitionsPass: Removed service "security.authentication.failure_handler"; reason: abstract
Symfony\Component\DependencyInjection\Compiler\RemoveAbstractDefinitionsPass: Removed service "security.authentication.listener.form"; reason: abstract
Symfony\Component\DependencyInjection\Compiler\RemoveAbstractDefinitionsPass: Removed service "security.authentication.listener.x509"; reason: abstract
Symfony\Component\DependencyInjection\Compiler\RemoveAbstractDefinitionsPass: Removed service "security.authentication.listener.basic"; reason: abstract
Symfony\Component\DependencyInjection\Compiler\RemoveAbstractDefinitionsPass: Removed service "security.authentication.listener.digest"; reason: abstract
Symfony\Component\DependencyInjection\Compiler\RemoveAbstractDefinitionsPass: Removed service "security.authentication.provider.dao"; reason: abstract
Symfony\Component\DependencyInjection\Compiler\RemoveAbstractDefinitionsPass: Removed service "security.authentication.provider.pre_authenticated"; reason: abstract
Symfony\Component\DependencyInjection\Compiler\RemoveAbstractDefinitionsPass: Removed service "security.exception_listener"; reason: abstract
Symfony\Component\DependencyInjection\Compiler\RemoveAbstractDefinitionsPass: Removed service "security.authentication.switchuser_listener"; reason: abstract
Symfony\Component\DependencyInjection\Compiler\RemoveAbstractDefinitionsPass: Removed service "security.authentication.listener.rememberme"; reason: abstract
Symfony\Component\DependencyInjection\Compiler\RemoveAbstractDefinitionsPass: Removed service "security.authentication.provider.rememberme"; reason: abstract
Symfony\Component\DependencyInjection\Compiler\RemoveAbstractDefinitionsPass: Removed service "security.authentication.rememberme.services.abstract"; reason: abstract
Symfony\Component\DependencyInjection\Compiler\RemoveAbstractDefinitionsPass: Removed service "security.authentication.rememberme.services.persistent"; reason: abstract
Symfony\Component\DependencyInjection\Compiler\RemoveAbstractDefinitionsPass: Removed service "security.authentication.rememberme.services.simplehash"; reason: abstract
Symfony\Component\DependencyInjection\Compiler\RemoveAbstractDefinitionsPass: Removed service "monolog.logger_prototype"; reason: abstract
Symfony\Component\DependencyInjection\Compiler\RemoveAbstractDefinitionsPass: Removed service "assetic.worker.ensure_filter"; reason: abstract
Symfony\Component\DependencyInjection\Compiler\RemoveAbstractDefinitionsPass: Removed service "doctrine.dbal.logger.chain"; reason: abstract
Symfony\Component\DependencyInjection\Compiler\RemoveAbstractDefinitionsPass: Removed service "doctrine.dbal.logger.profiling"; reason: abstract
Symfony\Component\DependencyInjection\Compiler\RemoveAbstractDefinitionsPass: Removed service "doctrine.dbal.connection"; reason: abstract
Symfony\Component\DependencyInjection\Compiler\RemoveAbstractDefinitionsPass: Removed service "doctrine.dbal.connection.event_manager"; reason: abstract
Symfony\Component\DependencyInjection\Compiler\RemoveAbstractDefinitionsPass: Removed service "doctrine.dbal.connection.configuration"; reason: abstract
Symfony\Component\DependencyInjection\Compiler\RemoveAbstractDefinitionsPass: Removed service "doctrine.orm.configuration"; reason: abstract
Symfony\Component\DependencyInjection\Compiler\RemoveAbstractDefinitionsPass: Removed service "doctrine.orm.entity_manager.abstract"; reason: abstract
Symfony\Component\DependencyInjection\Compiler\RemoveAbstractDefinitionsPass: Removed service "doctrine.orm.manager_configurator.abstract"; reason: abstract
Symfony\Component\DependencyInjection\Compiler\RemoveAbstractDefinitionsPass: Removed service "doctrine.orm.security.user.provider"; reason: abstract
Symfony\Component\DependencyInjection\Compiler\RemoveAbstractDefinitionsPass: Removed service "security.expressions.expression"; reason: abstract
Symfony\Component\DependencyInjection\Compiler\ReplaceAliasByActualDefinitionPass: Changed reference of service "http_kernel" previously pointing to "jms_di_extra.controller_resolver" to "debug.controller_resolver".
Symfony\Component\DependencyInjection\Compiler\ReplaceAliasByActualDefinitionPass: Changed reference of service "jms_di_extra.controller_injectors_warmer" previously pointing to "jms_di_extra.controller_resolver" to "debug.controller_resolver".
Symfony\Component\DependencyInjection\Compiler\ReplaceAliasByActualDefinitionPass: Changed reference of service "tdn.core.urlsitemapper" previously pointing to "router.default" to "router".
Symfony\Component\DependencyInjection\Compiler\ReplaceAliasByActualDefinitionPass: Changed reference of service "tdn.document.url" previously pointing to "router.default" to "router".
Symfony\Component\DependencyInjection\Compiler\ReplaceAliasByActualDefinitionPass: Changed reference of service "locale_listener" previously pointing to "router.default" to "router".
Symfony\Component\DependencyInjection\Compiler\ReplaceAliasByActualDefinitionPass: Changed reference of service "router.cache_warmer" previously pointing to "router.default" to "router".
Symfony\Component\DependencyInjection\Compiler\ReplaceAliasByActualDefinitionPass: Changed reference of service "router_listener" previously pointing to "router.default" to "router".
Symfony\Component\DependencyInjection\Compiler\ReplaceAliasByActualDefinitionPass: Changed reference of service "templating.helper.router" previously pointing to "router.default" to "router".
Symfony\Component\DependencyInjection\Compiler\ReplaceAliasByActualDefinitionPass: Changed reference of service "security.http_utils" previously pointing to "router.default" to "router".
Symfony\Component\DependencyInjection\Compiler\ReplaceAliasByActualDefinitionPass: Changed reference of service "security.http_utils" previously pointing to "router.default" to "router".
Symfony\Component\DependencyInjection\Compiler\ReplaceAliasByActualDefinitionPass: Changed reference of service "templating.helper.logout_url" previously pointing to "router.default" to "router".
Symfony\Component\DependencyInjection\Compiler\ReplaceAliasByActualDefinitionPass: Changed reference of service "twig.extension.routing" previously pointing to "router.default" to "router".
Symfony\Component\DependencyInjection\Compiler\ReplaceAliasByActualDefinitionPass: Changed reference of service "tdn.twig.nana_extension" previously pointing to "router.default" to "router".
Symfony\Component\DependencyInjection\Compiler\ReplaceAliasByActualDefinitionPass: Changed reference of service "templating.engine.php" previously pointing to "templating.loader.filesystem" to "templating.loader".
Symfony\Component\DependencyInjection\Compiler\ReplaceAliasByActualDefinitionPass: Changed reference of service "assetic.twig_directory_resource.kernel" previously pointing to "templating.loader.filesystem" to "templating.loader".
Symfony\Component\DependencyInjection\Compiler\ReplaceAliasByActualDefinitionPass: Changed reference of service "tdn.concours.participants" previously pointing to "templating.engine.twig" to "templating".
Symfony\Component\DependencyInjection\Compiler\ReplaceAliasByActualDefinitionPass: Changed reference of service "templating" previously pointing to "templating.engine.twig" to "templating".
Symfony\Component\DependencyInjection\Compiler\ReplaceAliasByActualDefinitionPass: Changed reference of service "validator.mapping.loader.annotation_loader" previously pointing to "annotations.file_cache_reader" to "annotation_reader".
Symfony\Component\DependencyInjection\Compiler\ReplaceAliasByActualDefinitionPass: Changed reference of service "sensio_framework_extra.controller.listener" previously pointing to "annotations.file_cache_reader" to "annotation_reader".
Symfony\Component\DependencyInjection\Compiler\ReplaceAliasByActualDefinitionPass: Changed reference of service "sensio_framework_extra.routing.loader.annot_class" previously pointing to "annotations.file_cache_reader" to "annotation_reader".
Symfony\Component\DependencyInjection\Compiler\ReplaceAliasByActualDefinitionPass: Changed reference of service "jms_di_extra.metadata.driver.annotation_driver" previously pointing to "annotations.file_cache_reader" to "annotation_reader".
Symfony\Component\DependencyInjection\Compiler\ReplaceAliasByActualDefinitionPass: Changed reference of service "security.extra.annotation_driver" previously pointing to "annotations.file_cache_reader" to "annotation_reader".
Symfony\Component\DependencyInjection\Compiler\ReplaceAliasByActualDefinitionPass: Changed reference of service "security.validator.user_password" previously pointing to "security.encoder_factory.generic" to "security.encoder_factory".
Symfony\Component\DependencyInjection\Compiler\ReplaceAliasByActualDefinitionPass: Changed reference of service "security.authentication.provider.dao.general" previously pointing to "security.encoder_factory.generic" to "security.encoder_factory".
Symfony\Component\DependencyInjection\Compiler\ReplaceAliasByActualDefinitionPass: Changed reference of service "swiftmailer.mailer" previously pointing to "swiftmailer.transport.spool" to "swiftmailer.transport".
Symfony\Component\DependencyInjection\Compiler\ReplaceAliasByActualDefinitionPass: Changed reference of service "monolog.handler.swift" previously pointing to "swiftmailer.mailer" to "mailer".
Symfony\Component\DependencyInjection\Compiler\ReplaceAliasByActualDefinitionPass: Changed reference of service "tdn.concours.participants" previously pointing to "swiftmailer.mailer" to "mailer".
Symfony\Component\DependencyInjection\Compiler\ReplaceAliasByActualDefinitionPass: Changed reference of service "swiftmailer.transport" previously pointing to "swiftmailer.spool.file" to "swiftmailer.spool".
Symfony\Component\DependencyInjection\Compiler\ReplaceAliasByActualDefinitionPass: Changed reference of service "jms_di_extra.metadata.driver.configured_controller_injections" previously pointing to "jms_di_extra.metadata.driver.annotation_driver" to "jms_di_extra.metadata_driver".
Symfony\Component\DependencyInjection\Compiler\InlineServiceDefinitionsPass: Inlined service "templating.cache_warmer.template_paths" to "cache_warmer".
Symfony\Component\DependencyInjection\Compiler\InlineServiceDefinitionsPass: Inlined service "assetic.asset_manager_cache_warmer" to "cache_warmer".
Symfony\Component\DependencyInjection\Compiler\InlineServiceDefinitionsPass: Inlined service "router.cache_warmer" to "cache_warmer".
Symfony\Component\DependencyInjection\Compiler\InlineServiceDefinitionsPass: Inlined service "twig.cache_warmer" to "cache_warmer".
Symfony\Component\DependencyInjection\Compiler\InlineServiceDefinitionsPass: Inlined service "doctrine.orm.proxy_cache_warmer" to "cache_warmer".
Symfony\Component\DependencyInjection\Compiler\InlineServiceDefinitionsPass: Inlined service "jms_di_extra.controller_injectors_warmer" to "cache_warmer".
Symfony\Component\DependencyInjection\Compiler\InlineServiceDefinitionsPass: Inlined service "session.attribute_bag" to "session".
Symfony\Component\DependencyInjection\Compiler\InlineServiceDefinitionsPass: Inlined service "session.flash_bag" to "session".
Symfony\Component\DependencyInjection\Compiler\InlineServiceDefinitionsPass: Inlined service "form.extension" to "form.registry".
Symfony\Component\DependencyInjection\Compiler\InlineServiceDefinitionsPass: Inlined service "validator.validator_factory" to "validator".
Symfony\Component\DependencyInjection\Compiler\InlineServiceDefinitionsPass: Inlined service "validator.mapping.loader.loader_chain" to "validator.mapping.class_metadata_factory".
Symfony\Component\DependencyInjection\Compiler\InlineServiceDefinitionsPass: Inlined service "validator.mapping.loader.annotation_loader" to "validator.mapping.loader.loader_chain".
Symfony\Component\DependencyInjection\Compiler\InlineServiceDefinitionsPass: Inlined service "validator.mapping.loader.static_method_loader" to "validator.mapping.loader.loader_chain".
Symfony\Component\DependencyInjection\Compiler\InlineServiceDefinitionsPass: Inlined service "validator.mapping.loader.xml_files_loader" to "validator.mapping.loader.loader_chain".
Symfony\Component\DependencyInjection\Compiler\InlineServiceDefinitionsPass: Inlined service "validator.mapping.loader.yaml_files_loader" to "validator.mapping.loader.loader_chain".
Symfony\Component\DependencyInjection\Compiler\InlineServiceDefinitionsPass: Inlined service "routing.loader.xml" to "routing.resolver".
Symfony\Component\DependencyInjection\Compiler\InlineServiceDefinitionsPass: Inlined service "routing.loader.yml" to "routing.resolver".
Symfony\Component\DependencyInjection\Compiler\InlineServiceDefinitionsPass: Inlined service "routing.loader.php" to "routing.resolver".
Symfony\Component\DependencyInjection\Compiler\InlineServiceDefinitionsPass: Inlined service "sensio_framework_extra.routing.loader.annot_dir" to "routing.resolver".
Symfony\Component\DependencyInjection\Compiler\InlineServiceDefinitionsPass: Inlined service "sensio_framework_extra.routing.loader.annot_file" to "routing.resolver".
Symfony\Component\DependencyInjection\Compiler\InlineServiceDefinitionsPass: Inlined service "routing.resolver" to "routing.loader".
Symfony\Component\DependencyInjection\Compiler\InlineServiceDefinitionsPass: Inlined service "templating.asset.default_package" to "templating.helper.assets".
Symfony\Component\DependencyInjection\Compiler\InlineServiceDefinitionsPass: Inlined service "templating.form.renderer" to "templating.helper.form".
Symfony\Component\DependencyInjection\Compiler\InlineServiceDefinitionsPass: Inlined service "templating.engine.php" to "templating.form.engine".
Symfony\Component\DependencyInjection\Compiler\InlineServiceDefinitionsPass: Inlined service "templating.form.engine" to "templating.form.renderer".
Symfony\Component\DependencyInjection\Compiler\InlineServiceDefinitionsPass: Inlined service "security.authentication.provider.dao.general" to "security.authentication.manager".
Symfony\Component\DependencyInjection\Compiler\InlineServiceDefinitionsPass: Inlined service "security.authentication.provider.rememberme.general" to "security.authentication.manager".
Symfony\Component\DependencyInjection\Compiler\InlineServiceDefinitionsPass: Inlined service "security.authentication.provider.anonymous.general" to "security.authentication.manager".
Symfony\Component\DependencyInjection\Compiler\InlineServiceDefinitionsPass: Inlined service "security.expressions.voter" to "security.access.decision_manager".
Symfony\Component\DependencyInjection\Compiler\InlineServiceDefinitionsPass: Inlined service "security.access.role_hierarchy_voter" to "security.access.decision_manager".
Symfony\Component\DependencyInjection\Compiler\InlineServiceDefinitionsPass: Inlined service "security.access.authenticated_voter" to "security.access.decision_manager".
Symfony\Component\DependencyInjection\Compiler\InlineServiceDefinitionsPass: Inlined service "security.firewall.map" to "security.firewall".
Symfony\Component\DependencyInjection\Compiler\InlineServiceDefinitionsPass: Inlined service "security.request_matcher.b409f07c36ab9aa46d7faf9fc63e8e2b6216a76ada2685ac5e354064d2ad6608bacbd93b" to "security.firewall.map".
Symfony\Component\DependencyInjection\Compiler\InlineServiceDefinitionsPass: Inlined service "security.request_matcher.69e9d3fd562e0ecffc5bce0c68d3b7a673d187934b742bc76452558275bbd7611198d478" to "security.firewall.map".
Symfony\Component\DependencyInjection\Compiler\InlineServiceDefinitionsPass: Inlined service "security.authentication.retry_entry_point" to "security.channel_listener".
Symfony\Component\DependencyInjection\Compiler\InlineServiceDefinitionsPass: Inlined service "security.request_matcher.fb9a835f047bf850db2e1c413ab25f5d8c529b4c5d2afd4fbf13bbf4ebc810bbbf0708ff" to "security.access_map".
Symfony\Component\DependencyInjection\Compiler\InlineServiceDefinitionsPass: Inlined service "security.request_matcher.37271d115cd7c4c5e82292eca2948dbd31dbc489e78114025595dff15b3844963081be98" to "security.access_map".
Symfony\Component\DependencyInjection\Compiler\InlineServiceDefinitionsPass: Inlined service "security.request_matcher.2432e83048427dc8f11b940a6bcff723487fb9f0d780232170a5c588f73bf33daf39191b" to "security.access_map".
Symfony\Component\DependencyInjection\Compiler\InlineServiceDefinitionsPass: Inlined service "security.logout.success_handler.general" to "security.logout_listener.general".
Symfony\Component\DependencyInjection\Compiler\InlineServiceDefinitionsPass: Inlined service "security.logout.handler.session" to "security.logout_listener.general".
Symfony\Component\DependencyInjection\Compiler\InlineServiceDefinitionsPass: Inlined service "security.authentication.session_strategy" to "security.authentication.listener.form.general".
Symfony\Component\DependencyInjection\Compiler\InlineServiceDefinitionsPass: Inlined service "security.authentication.success_handler.general.form_login" to "security.authentication.listener.form.general".
Symfony\Component\DependencyInjection\Compiler\InlineServiceDefinitionsPass: Inlined service "security.authentication.failure_handler.general.form_login" to "security.authentication.listener.form.general".
Symfony\Component\DependencyInjection\Compiler\InlineServiceDefinitionsPass: Inlined service "security.channel_listener" to "security.firewall.map.context.general".
Symfony\Component\DependencyInjection\Compiler\InlineServiceDefinitionsPass: Inlined service "security.context_listener.0" to "security.firewall.map.context.general".
Symfony\Component\DependencyInjection\Compiler\InlineServiceDefinitionsPass: Inlined service "security.logout_listener.general" to "security.firewall.map.context.general".
Symfony\Component\DependencyInjection\Compiler\InlineServiceDefinitionsPass: Inlined service "security.authentication.listener.form.general" to "security.firewall.map.context.general".
Symfony\Component\DependencyInjection\Compiler\InlineServiceDefinitionsPass: Inlined service "security.authentication.listener.basic.general" to "security.firewall.map.context.general".
Symfony\Component\DependencyInjection\Compiler\InlineServiceDefinitionsPass: Inlined service "security.authentication.listener.rememberme.general" to "security.firewall.map.context.general".
Symfony\Component\DependencyInjection\Compiler\InlineServiceDefinitionsPass: Inlined service "security.authentication.listener.anonymous.general" to "security.firewall.map.context.general".
Symfony\Component\DependencyInjection\Compiler\InlineServiceDefinitionsPass: Inlined service "security.access_listener" to "security.firewall.map.context.general".
Symfony\Component\DependencyInjection\Compiler\InlineServiceDefinitionsPass: Inlined service "security.exception_listener.general" to "security.firewall.map.context.general".
Symfony\Component\DependencyInjection\Compiler\InlineServiceDefinitionsPass: Inlined service "twig.extension.logout_url" to "twig".
Symfony\Component\DependencyInjection\Compiler\InlineServiceDefinitionsPass: Inlined service "twig.extension.security" to "twig".
Symfony\Component\DependencyInjection\Compiler\InlineServiceDefinitionsPass: Inlined service "twig.extension.trans" to "twig".
Symfony\Component\DependencyInjection\Compiler\InlineServiceDefinitionsPass: Inlined service "twig.extension.assets" to "twig".
Symfony\Component\DependencyInjection\Compiler\InlineServiceDefinitionsPass: Inlined service "twig.extension.actions" to "twig".
Symfony\Component\DependencyInjection\Compiler\InlineServiceDefinitionsPass: Inlined service "twig.extension.code" to "twig".
Symfony\Component\DependencyInjection\Compiler\InlineServiceDefinitionsPass: Inlined service "twig.extension.routing" to "twig".
Symfony\Component\DependencyInjection\Compiler\InlineServiceDefinitionsPass: Inlined service "twig.extension.yaml" to "twig".
Symfony\Component\DependencyInjection\Compiler\InlineServiceDefinitionsPass: Inlined service "twig.extension.form" to "twig".
Symfony\Component\DependencyInjection\Compiler\InlineServiceDefinitionsPass: Inlined service "twig.extension.debug" to "twig".
Symfony\Component\DependencyInjection\Compiler\InlineServiceDefinitionsPass: Inlined service "assetic.twig_extension" to "twig".
Symfony\Component\DependencyInjection\Compiler\InlineServiceDefinitionsPass: Inlined service "security.extra.twig_extension" to "twig".
Symfony\Component\DependencyInjection\Compiler\InlineServiceDefinitionsPass: Inlined service "twig.form.renderer" to "twig.extension.form".
Symfony\Component\DependencyInjection\Compiler\InlineServiceDefinitionsPass: Inlined service "twig.form.engine" to "twig.form.renderer".
Symfony\Component\DependencyInjection\Compiler\InlineServiceDefinitionsPass: Inlined service "monolog.handler.swift.mail_prototype" to "monolog.handler.swift".
Symfony\Component\DependencyInjection\Compiler\InlineServiceDefinitionsPass: Inlined service "swiftmailer.transport.mailinvoker" to "swiftmailer.transport.mail".
Symfony\Component\DependencyInjection\Compiler\InlineServiceDefinitionsPass: Inlined service "swiftmailer.transport.replacementfactory" to "swiftmailer.transport.buffer".
Symfony\Component\DependencyInjection\Compiler\InlineServiceDefinitionsPass: Inlined service "0f80a32b346b05371b6b44abf2680e8a_1" to "swiftmailer.transport.authhandler".
Symfony\Component\DependencyInjection\Compiler\InlineServiceDefinitionsPass: Inlined service "0f80a32b346b05371b6b44abf2680e8a_2" to "swiftmailer.transport.authhandler".
Symfony\Component\DependencyInjection\Compiler\InlineServiceDefinitionsPass: Inlined service "0f80a32b346b05371b6b44abf2680e8a_3" to "swiftmailer.transport.authhandler".
Symfony\Component\DependencyInjection\Compiler\InlineServiceDefinitionsPass: Inlined service "assetic.twig_formula_loader" to "assetic.asset_manager".
Symfony\Component\DependencyInjection\Compiler\InlineServiceDefinitionsPass: Inlined service "assetic.twig_directory_resource.frameworkbundle" to "assetic.asset_manager".
Symfony\Component\DependencyInjection\Compiler\InlineServiceDefinitionsPass: Inlined service "assetic.twig_directory_resource.securitybundle" to "assetic.asset_manager".
Symfony\Component\DependencyInjection\Compiler\InlineServiceDefinitionsPass: Inlined service "assetic.twig_directory_resource.twigbundle" to "assetic.asset_manager".
Symfony\Component\DependencyInjection\Compiler\InlineServiceDefinitionsPass: Inlined service "assetic.twig_directory_resource.monologbundle" to "assetic.asset_manager".
Symfony\Component\DependencyInjection\Compiler\InlineServiceDefinitionsPass: Inlined service "assetic.twig_directory_resource.swiftmailerbundle" to "assetic.asset_manager".
Symfony\Component\DependencyInjection\Compiler\InlineServiceDefinitionsPass: Inlined service "assetic.twig_directory_resource.asseticbundle" to "assetic.asset_manager".
Symfony\Component\DependencyInjection\Compiler\InlineServiceDefinitionsPass: Inlined service "assetic.twig_directory_resource.doctrinebundle" to "assetic.asset_manager".
Symfony\Component\DependencyInjection\Compiler\InlineServiceDefinitionsPass: Inlined service "assetic.twig_directory_resource.sensioframeworkextrabundle" to "assetic.asset_manager".
Symfony\Component\DependencyInjection\Compiler\InlineServiceDefinitionsPass: Inlined service "assetic.twig_directory_resource.jmsaopbundle" to "assetic.asset_manager".
Symfony\Component\DependencyInjection\Compiler\InlineServiceDefinitionsPass: Inlined service "assetic.twig_directory_resource.jmsdiextrabundle" to "assetic.asset_manager".
Symfony\Component\DependencyInjection\Compiler\InlineServiceDefinitionsPass: Inlined service "assetic.twig_directory_resource.jmssecurityextrabundle" to "assetic.asset_manager".
Symfony\Component\DependencyInjection\Compiler\InlineServiceDefinitionsPass: Inlined service "assetic.twig_directory_resource.redactionbundle" to "assetic.asset_manager".
Symfony\Component\DependencyInjection\Compiler\InlineServiceDefinitionsPass: Inlined service "assetic.twig_directory_resource.documentbundle" to "assetic.asset_manager".
Symfony\Component\DependencyInjection\Compiler\InlineServiceDefinitionsPass: Inlined service "assetic.twig_directory_resource.quizbundle" to "assetic.asset_manager".
Symfony\Component\DependencyInjection\Compiler\InlineServiceDefinitionsPass: Inlined service "assetic.twig_directory_resource.imagebundle" to "assetic.asset_manager".
Symfony\Component\DependencyInjection\Compiler\InlineServiceDefinitionsPass: Inlined service "assetic.twig_directory_resource.commentairebundle" to "assetic.asset_manager".
Symfony\Component\DependencyInjection\Compiler\InlineServiceDefinitionsPass: Inlined service "assetic.twig_directory_resource.videobundle" to "assetic.asset_manager".
Symfony\Component\DependencyInjection\Compiler\InlineServiceDefinitionsPass: Inlined service "assetic.twig_directory_resource.produitbundle" to "assetic.asset_manager".
Symfony\Component\DependencyInjection\Compiler\InlineServiceDefinitionsPass: Inlined service "assetic.twig_directory_resource.corebundle" to "assetic.asset_manager".
Symfony\Component\DependencyInjection\Compiler\InlineServiceDefinitionsPass: Inlined service "assetic.twig_directory_resource.concoursbundle" to "assetic.asset_manager".
Symfony\Component\DependencyInjection\Compiler\InlineServiceDefinitionsPass: Inlined service "assetic.twig_directory_resource.conseilexpertbundle" to "assetic.asset_manager".
Symfony\Component\DependencyInjection\Compiler\InlineServiceDefinitionsPass: Inlined service "assetic.twig_directory_resource.causeusebundle" to "assetic.asset_manager".
Symfony\Component\DependencyInjection\Compiler\InlineServiceDefinitionsPass: Inlined service "assetic.twig_directory_resource.brevebundle" to "assetic.asset_manager".
Symfony\Component\DependencyInjection\Compiler\InlineServiceDefinitionsPass: Inlined service "assetic.twig_directory_resource.dossierredactionbundle" to "assetic.asset_manager".
Symfony\Component\DependencyInjection\Compiler\InlineServiceDefinitionsPass: Inlined service "assetic.twig_directory_resource.profilbundle" to "assetic.asset_manager".
Symfony\Component\DependencyInjection\Compiler\InlineServiceDefinitionsPass: Inlined service "assetic.twig_directory_resource.nanabundle" to "assetic.asset_manager".
Symfony\Component\DependencyInjection\Compiler\InlineServiceDefinitionsPass: Inlined service "assetic.twig_directory_resource.newsletterbundle" to "assetic.asset_manager".
Symfony\Component\DependencyInjection\Compiler\InlineServiceDefinitionsPass: Inlined service "assetic.twig_directory_resource.advertisebundle" to "assetic.asset_manager".
Symfony\Component\DependencyInjection\Compiler\InlineServiceDefinitionsPass: Inlined service "assetic.twig_directory_resource.sliderbundle" to "assetic.asset_manager".
Symfony\Component\DependencyInjection\Compiler\InlineServiceDefinitionsPass: Inlined service "assetic.twig_directory_resource.kernel" to "assetic.asset_manager".
Symfony\Component\DependencyInjection\Compiler\InlineServiceDefinitionsPass: Inlined service "assetic.parameter_bag" to "assetic.asset_factory".
Symfony\Component\DependencyInjection\Compiler\InlineServiceDefinitionsPass: Inlined service "assetic.value_supplier.default" to "assetic.twig_extension".
Symfony\Component\DependencyInjection\Compiler\InlineServiceDefinitionsPass: Inlined service "assetic.twig_formula_loader.real" to "assetic.twig_formula_loader".
Symfony\Component\DependencyInjection\Compiler\InlineServiceDefinitionsPass: Inlined service "assetic.config_cache" to "assetic.twig_formula_loader".
Symfony\Component\DependencyInjection\Compiler\InlineServiceDefinitionsPass: Inlined service "doctrine.dbal.logger.chain.default" to "doctrine.dbal.default_connection.configuration".
Symfony\Component\DependencyInjection\Compiler\InlineServiceDefinitionsPass: Inlined service "doctrine.dbal.logger" to "doctrine.dbal.logger.chain.default".
Symfony\Component\DependencyInjection\Compiler\InlineServiceDefinitionsPass: Inlined service "doctrine.dbal.default_connection.configuration" to "doctrine.dbal.default_connection".
Symfony\Component\DependencyInjection\Compiler\InlineServiceDefinitionsPass: Inlined service "doctrine.dbal.default_connection.event_manager" to "doctrine.dbal.default_connection".
Symfony\Component\DependencyInjection\Compiler\InlineServiceDefinitionsPass: Inlined service "doctrine.orm.default_metadata_cache" to "doctrine.orm.default_configuration".
Symfony\Component\DependencyInjection\Compiler\InlineServiceDefinitionsPass: Inlined service "doctrine.orm.default_query_cache" to "doctrine.orm.default_configuration".
Symfony\Component\DependencyInjection\Compiler\InlineServiceDefinitionsPass: Inlined service "doctrine.orm.default_result_cache" to "doctrine.orm.default_configuration".
Symfony\Component\DependencyInjection\Compiler\InlineServiceDefinitionsPass: Inlined service "doctrine.orm.default_metadata_driver" to "doctrine.orm.default_configuration".
Symfony\Component\DependencyInjection\Compiler\InlineServiceDefinitionsPass: Inlined service "doctrine.orm.naming_strategy.default" to "doctrine.orm.default_configuration".
Symfony\Component\DependencyInjection\Compiler\InlineServiceDefinitionsPass: Inlined service "doctrine.orm.default_xml_metadata_driver" to "doctrine.orm.default_metadata_driver".
Symfony\Component\DependencyInjection\Compiler\InlineServiceDefinitionsPass: Inlined service "doctrine.orm.default_xml_metadata_driver" to "doctrine.orm.default_metadata_driver".
Symfony\Component\DependencyInjection\Compiler\InlineServiceDefinitionsPass: Inlined service "doctrine.orm.default_xml_metadata_driver" to "doctrine.orm.default_metadata_driver".
Symfony\Component\DependencyInjection\Compiler\InlineServiceDefinitionsPass: Inlined service "doctrine.orm.default_xml_metadata_driver" to "doctrine.orm.default_metadata_driver".
Symfony\Component\DependencyInjection\Compiler\InlineServiceDefinitionsPass: Inlined service "doctrine.orm.default_xml_metadata_driver" to "doctrine.orm.default_metadata_driver".
Symfony\Component\DependencyInjection\Compiler\InlineServiceDefinitionsPass: Inlined service "doctrine.orm.default_xml_metadata_driver" to "doctrine.orm.default_metadata_driver".
Symfony\Component\DependencyInjection\Compiler\InlineServiceDefinitionsPass: Inlined service "doctrine.orm.default_xml_metadata_driver" to "doctrine.orm.default_metadata_driver".
Symfony\Component\DependencyInjection\Compiler\InlineServiceDefinitionsPass: Inlined service "doctrine.orm.default_xml_metadata_driver" to "doctrine.orm.default_metadata_driver".
Symfony\Component\DependencyInjection\Compiler\InlineServiceDefinitionsPass: Inlined service "doctrine.orm.default_xml_metadata_driver" to "doctrine.orm.default_metadata_driver".
Symfony\Component\DependencyInjection\Compiler\InlineServiceDefinitionsPass: Inlined service "doctrine.orm.default_xml_metadata_driver" to "doctrine.orm.default_metadata_driver".
Symfony\Component\DependencyInjection\Compiler\InlineServiceDefinitionsPass: Inlined service "doctrine.orm.default_xml_metadata_driver" to "doctrine.orm.default_metadata_driver".
Symfony\Component\DependencyInjection\Compiler\InlineServiceDefinitionsPass: Inlined service "doctrine.orm.default_xml_metadata_driver" to "doctrine.orm.default_metadata_driver".
Symfony\Component\DependencyInjection\Compiler\InlineServiceDefinitionsPass: Inlined service "doctrine.orm.default_xml_metadata_driver" to "doctrine.orm.default_metadata_driver".
Symfony\Component\DependencyInjection\Compiler\InlineServiceDefinitionsPass: Inlined service "doctrine.orm.default_xml_metadata_driver" to "doctrine.orm.default_metadata_driver".
Symfony\Component\DependencyInjection\Compiler\InlineServiceDefinitionsPass: Inlined service "doctrine.orm.default_xml_metadata_driver" to "doctrine.orm.default_metadata_driver".
Symfony\Component\DependencyInjection\Compiler\InlineServiceDefinitionsPass: Inlined service "doctrine.orm.default_entity_manager.delegate" to "doctrine.orm.default_entity_manager".
Symfony\Component\DependencyInjection\Compiler\InlineServiceDefinitionsPass: Inlined service "jms_di_extra.metadata.driver.lazy_loading_driver" to "jms_di_extra.metadata.metadata_factory".
Symfony\Component\DependencyInjection\Compiler\InlineServiceDefinitionsPass: Inlined service "jms_di_extra.metadata.cache.file_cache" to "jms_di_extra.metadata.metadata_factory".
Symfony\Component\DependencyInjection\Compiler\InlineServiceDefinitionsPass: Inlined service "security.access.after_invocation_manager" to "security.access.method_interceptor".
Symfony\Component\DependencyInjection\Compiler\InlineServiceDefinitionsPass: Inlined service "security.access.run_as_manager" to "security.access.method_interceptor".
Symfony\Component\DependencyInjection\Compiler\InlineServiceDefinitionsPass: Inlined service "security.extra.lazy_loading_driver" to "security.extra.metadata_factory".
Symfony\Component\DependencyInjection\Compiler\InlineServiceDefinitionsPass: Inlined service "security.extra.file_cache" to "security.extra.metadata_factory".
Symfony\Component\DependencyInjection\Compiler\InlineServiceDefinitionsPass: Inlined service "security.expressions.handler" to "security.expressions.voter".
Symfony\Component\DependencyInjection\Compiler\InlineServiceDefinitionsPass: Inlined service "security.acl.has_permission_compiler" to "security.expressions.compiler".
Symfony\Component\DependencyInjection\Compiler\InlineServiceDefinitionsPass: Inlined service "security.expressions.parameter_compiler" to "security.expressions.compiler".
Symfony\Component\DependencyInjection\Compiler\InlineServiceDefinitionsPass: Inlined service "security.expressions.variable_compiler" to "security.expressions.compiler".
Symfony\Component\DependencyInjection\Compiler\InlineServiceDefinitionsPass: Inlined service "doctrine.orm.default_configuration" to "doctrine.orm.default_entity_manager.delegate".
Symfony\Component\DependencyInjection\Compiler\InlineServiceDefinitionsPass: Inlined service "swiftmailer.transport.authhandler" to "swiftmailer.transport.real".
Symfony\Component\DependencyInjection\Compiler\InlineServiceDefinitionsPass: Inlined service "security.extra.annotation_driver" to "security.extra.metadata_driver".
Symfony\Component\DependencyInjection\Compiler\RemoveUnusedDefinitionsPass: Removed service "session.flash_bag"; reason: unused
Symfony\Component\DependencyInjection\Compiler\RemoveUnusedDefinitionsPass: Removed service "session.attribute_bag"; reason: unused
Symfony\Component\DependencyInjection\Compiler\RemoveUnusedDefinitionsPass: Removed service "session.handler.native_file"; reason: unused
Symfony\Component\DependencyInjection\Compiler\RemoveUnusedDefinitionsPass: Removed service "form.extension"; reason: unused
Symfony\Component\DependencyInjection\Compiler\RemoveUnusedDefinitionsPass: Removed service "validator.mapping.cache.apc"; reason: unused
Symfony\Component\DependencyInjection\Compiler\RemoveUnusedDefinitionsPass: Removed service "validator.validator_factory"; reason: unused
Symfony\Component\DependencyInjection\Compiler\RemoveUnusedDefinitionsPass: Removed service "validator.mapping.loader.loader_chain"; reason: unused
Symfony\Component\DependencyInjection\Compiler\RemoveUnusedDefinitionsPass: Removed service "validator.mapping.loader.static_method_loader"; reason: unused
Symfony\Component\DependencyInjection\Compiler\RemoveUnusedDefinitionsPass: Removed service "validator.mapping.loader.annotation_loader"; reason: unused
Symfony\Component\DependencyInjection\Compiler\RemoveUnusedDefinitionsPass: Removed service "validator.mapping.loader.xml_files_loader"; reason: unused
Symfony\Component\DependencyInjection\Compiler\RemoveUnusedDefinitionsPass: Removed service "validator.mapping.loader.yaml_files_loader"; reason: unused
Symfony\Component\DependencyInjection\Compiler\RemoveUnusedDefinitionsPass: Removed service "routing.resolver"; reason: unused
Symfony\Component\DependencyInjection\Compiler\RemoveUnusedDefinitionsPass: Removed service "routing.loader.xml"; reason: unused
Symfony\Component\DependencyInjection\Compiler\RemoveUnusedDefinitionsPass: Removed service "routing.loader.yml"; reason: unused
Symfony\Component\DependencyInjection\Compiler\RemoveUnusedDefinitionsPass: Removed service "routing.loader.php"; reason: unused
Symfony\Component\DependencyInjection\Compiler\RemoveUnusedDefinitionsPass: Removed service "router.cache_warmer"; reason: unused
Symfony\Component\DependencyInjection\Compiler\RemoveUnusedDefinitionsPass: Removed service "templating.engine.delegating"; reason: unused
Symfony\Component\DependencyInjection\Compiler\RemoveUnusedDefinitionsPass: Removed service "templating.cache_warmer.template_paths"; reason: unused
Symfony\Component\DependencyInjection\Compiler\RemoveUnusedDefinitionsPass: Removed service "templating.loader.cache"; reason: unused
Symfony\Component\DependencyInjection\Compiler\RemoveUnusedDefinitionsPass: Removed service "templating.loader.chain"; reason: unused
Symfony\Component\DependencyInjection\Compiler\RemoveUnusedDefinitionsPass: Removed service "templating.engine.php"; reason: unused
Symfony\Component\DependencyInjection\Compiler\RemoveUnusedDefinitionsPass: Removed service "templating.form.engine"; reason: unused
Symfony\Component\DependencyInjection\Compiler\RemoveUnusedDefinitionsPass: Removed service "templating.form.renderer"; reason: unused
Symfony\Component\DependencyInjection\Compiler\RemoveUnusedDefinitionsPass: Removed service "templating.asset.default_package"; reason: unused
Symfony\Component\DependencyInjection\Compiler\RemoveUnusedDefinitionsPass: Removed service "annotations.cached_reader"; reason: unused
Symfony\Component\DependencyInjection\Compiler\RemoveUnusedDefinitionsPass: Removed service "security.authentication.session_strategy"; reason: unused
Symfony\Component\DependencyInjection\Compiler\RemoveUnusedDefinitionsPass: Removed service "security.access.authenticated_voter"; reason: unused
Symfony\Component\DependencyInjection\Compiler\RemoveUnusedDefinitionsPass: Removed service "security.access.role_hierarchy_voter"; reason: unused
Symfony\Component\DependencyInjection\Compiler\RemoveUnusedDefinitionsPass: Removed service "security.firewall.map"; reason: unused
Symfony\Component\DependencyInjection\Compiler\RemoveUnusedDefinitionsPass: Removed service "security.authentication.listener.anonymous"; reason: unused
Symfony\Component\DependencyInjection\Compiler\RemoveUnusedDefinitionsPass: Removed service "security.authentication.provider.anonymous"; reason: unused
Symfony\Component\DependencyInjection\Compiler\RemoveUnusedDefinitionsPass: Removed service "security.authentication.retry_entry_point"; reason: unused
Symfony\Component\DependencyInjection\Compiler\RemoveUnusedDefinitionsPass: Removed service "security.authentication.basic_entry_point"; reason: unused
Symfony\Component\DependencyInjection\Compiler\RemoveUnusedDefinitionsPass: Removed service "security.authentication.digest_entry_point"; reason: unused
Symfony\Component\DependencyInjection\Compiler\RemoveUnusedDefinitionsPass: Removed service "security.channel_listener"; reason: unused
Symfony\Component\DependencyInjection\Compiler\RemoveUnusedDefinitionsPass: Removed service "security.context_listener"; reason: unused
Symfony\Component\DependencyInjection\Compiler\RemoveUnusedDefinitionsPass: Removed service "security.logout.handler.session"; reason: unused
Symfony\Component\DependencyInjection\Compiler\RemoveUnusedDefinitionsPass: Removed service "security.access_listener"; reason: unused
Symfony\Component\DependencyInjection\Compiler\RemoveUnusedDefinitionsPass: Removed service "security.rememberme.token.provider.in_memory"; reason: unused
Symfony\Component\DependencyInjection\Compiler\RemoveUnusedDefinitionsPass: Removed service "twig.extension.logout_url"; reason: unused
Symfony\Component\DependencyInjection\Compiler\RemoveUnusedDefinitionsPass: Removed service "twig.extension.security"; reason: unused
Symfony\Component\DependencyInjection\Compiler\RemoveUnusedDefinitionsPass: Removed service "data_collector.security"; reason: unused
Symfony\Component\DependencyInjection\Compiler\RemoveUnusedDefinitionsPass: Removed service "security.request_matcher.b409f07c36ab9aa46d7faf9fc63e8e2b6216a76ada2685ac5e354064d2ad6608bacbd93b"; reason: unused
Symfony\Component\DependencyInjection\Compiler\RemoveUnusedDefinitionsPass: Removed service "security.request_matcher.69e9d3fd562e0ecffc5bce0c68d3b7a673d187934b742bc76452558275bbd7611198d478"; reason: unused
Symfony\Component\DependencyInjection\Compiler\RemoveUnusedDefinitionsPass: Removed service "security.context_listener.0"; reason: unused
Symfony\Component\DependencyInjection\Compiler\RemoveUnusedDefinitionsPass: Removed service "security.logout_listener.general"; reason: unused
Symfony\Component\DependencyInjection\Compiler\RemoveUnusedDefinitionsPass: Removed service "security.logout.success_handler.general"; reason: unused
Symfony\Component\DependencyInjection\Compiler\RemoveUnusedDefinitionsPass: Removed service "security.authentication.provider.dao.general"; reason: unused
Symfony\Component\DependencyInjection\Compiler\RemoveUnusedDefinitionsPass: Removed service "security.authentication.success_handler.general.form_login"; reason: unused
Symfony\Component\DependencyInjection\Compiler\RemoveUnusedDefinitionsPass: Removed service "security.authentication.failure_handler.general.form_login"; reason: unused
Symfony\Component\DependencyInjection\Compiler\RemoveUnusedDefinitionsPass: Removed service "security.authentication.listener.form.general"; reason: unused
Symfony\Component\DependencyInjection\Compiler\RemoveUnusedDefinitionsPass: Removed service "security.authentication.listener.basic.general"; reason: unused
Symfony\Component\DependencyInjection\Compiler\RemoveUnusedDefinitionsPass: Removed service "security.authentication.provider.rememberme.general"; reason: unused
Symfony\Component\DependencyInjection\Compiler\RemoveUnusedDefinitionsPass: Removed service "security.authentication.listener.rememberme.general"; reason: unused
Symfony\Component\DependencyInjection\Compiler\RemoveUnusedDefinitionsPass: Removed service "security.authentication.listener.anonymous.general"; reason: unused
Symfony\Component\DependencyInjection\Compiler\RemoveUnusedDefinitionsPass: Removed service "security.authentication.provider.anonymous.general"; reason: unused
Symfony\Component\DependencyInjection\Compiler\RemoveUnusedDefinitionsPass: Removed service "security.exception_listener.general"; reason: unused
Symfony\Component\DependencyInjection\Compiler\RemoveUnusedDefinitionsPass: Removed service "security.request_matcher.fb9a835f047bf850db2e1c413ab25f5d8c529b4c5d2afd4fbf13bbf4ebc810bbbf0708ff"; reason: unused
Symfony\Component\DependencyInjection\Compiler\RemoveUnusedDefinitionsPass: Removed service "security.request_matcher.37271d115cd7c4c5e82292eca2948dbd31dbc489e78114025595dff15b3844963081be98"; reason: unused
Symfony\Component\DependencyInjection\Compiler\RemoveUnusedDefinitionsPass: Removed service "security.request_matcher.2432e83048427dc8f11b940a6bcff723487fb9f0d780232170a5c588f73bf33daf39191b"; reason: unused
Symfony\Component\DependencyInjection\Compiler\RemoveUnusedDefinitionsPass: Removed service "twig.cache_warmer"; reason: unused
Symfony\Component\DependencyInjection\Compiler\RemoveUnusedDefinitionsPass: Removed service "twig.extension.trans"; reason: unused
Symfony\Component\DependencyInjection\Compiler\RemoveUnusedDefinitionsPass: Removed service "twig.extension.assets"; reason: unused
Symfony\Component\DependencyInjection\Compiler\RemoveUnusedDefinitionsPass: Removed service "twig.extension.actions"; reason: unused
Symfony\Component\DependencyInjection\Compiler\RemoveUnusedDefinitionsPass: Removed service "twig.extension.code"; reason: unused
Symfony\Component\DependencyInjection\Compiler\RemoveUnusedDefinitionsPass: Removed service "twig.extension.routing"; reason: unused
Symfony\Component\DependencyInjection\Compiler\RemoveUnusedDefinitionsPass: Removed service "twig.extension.yaml"; reason: unused
Symfony\Component\DependencyInjection\Compiler\RemoveUnusedDefinitionsPass: Removed service "twig.extension.form"; reason: unused
Symfony\Component\DependencyInjection\Compiler\RemoveUnusedDefinitionsPass: Removed service "twig.form.engine"; reason: unused
Symfony\Component\DependencyInjection\Compiler\RemoveUnusedDefinitionsPass: Removed service "twig.form.renderer"; reason: unused
Symfony\Component\DependencyInjection\Compiler\RemoveUnusedDefinitionsPass: Removed service "twig.extension.debug"; reason: unused
Symfony\Component\DependencyInjection\Compiler\RemoveUnusedDefinitionsPass: Removed service "monolog.handler.swift.mail_prototype"; reason: unused
Symfony\Component\DependencyInjection\Compiler\RemoveUnusedDefinitionsPass: Removed service "0f80a32b346b05371b6b44abf2680e8a_3"; reason: unused
Symfony\Component\DependencyInjection\Compiler\RemoveUnusedDefinitionsPass: Removed service "0f80a32b346b05371b6b44abf2680e8a_2"; reason: unused
Symfony\Component\DependencyInjection\Compiler\RemoveUnusedDefinitionsPass: Removed service "0f80a32b346b05371b6b44abf2680e8a_1"; reason: unused
Symfony\Component\DependencyInjection\Compiler\RemoveUnusedDefinitionsPass: Removed service "swiftmailer.transport.sendmail"; reason: unused
Symfony\Component\DependencyInjection\Compiler\RemoveUnusedDefinitionsPass: Removed service "swiftmailer.transport.mail"; reason: unused
Symfony\Component\DependencyInjection\Compiler\RemoveUnusedDefinitionsPass: Removed service "swiftmailer.transport.failover"; reason: unused
Symfony\Component\DependencyInjection\Compiler\RemoveUnusedDefinitionsPass: Removed service "swiftmailer.transport.mailinvoker"; reason: unused
Symfony\Component\DependencyInjection\Compiler\RemoveUnusedDefinitionsPass: Removed service "swiftmailer.transport.authhandler"; reason: unused
Symfony\Component\DependencyInjection\Compiler\RemoveUnusedDefinitionsPass: Removed service "swiftmailer.transport.replacementfactory"; reason: unused
Symfony\Component\DependencyInjection\Compiler\RemoveUnusedDefinitionsPass: Removed service "swiftmailer.transport.null"; reason: unused
Symfony\Component\DependencyInjection\Compiler\RemoveUnusedDefinitionsPass: Removed service "swiftmailer.plugin.redirecting"; reason: unused
Symfony\Component\DependencyInjection\Compiler\RemoveUnusedDefinitionsPass: Removed service "swiftmailer.plugin.antiflood"; reason: unused
Symfony\Component\DependencyInjection\Compiler\RemoveUnusedDefinitionsPass: Removed service "swiftmailer.plugin.impersonate"; reason: unused
Symfony\Component\DependencyInjection\Compiler\RemoveUnusedDefinitionsPass: Removed service "swiftmailer.data_collector"; reason: unused
Symfony\Component\DependencyInjection\Compiler\RemoveUnusedDefinitionsPass: Removed service "assetic.config_cache"; reason: unused
Symfony\Component\DependencyInjection\Compiler\RemoveUnusedDefinitionsPass: Removed service "assetic.asset_manager_cache_warmer"; reason: unused
Symfony\Component\DependencyInjection\Compiler\RemoveUnusedDefinitionsPass: Removed service "assetic.parameter_bag"; reason: unused
Symfony\Component\DependencyInjection\Compiler\RemoveUnusedDefinitionsPass: Removed service "assetic.value_supplier.default"; reason: unused
Symfony\Component\DependencyInjection\Compiler\RemoveUnusedDefinitionsPass: Removed service "assetic.twig_extension"; reason: unused
Symfony\Component\DependencyInjection\Compiler\RemoveUnusedDefinitionsPass: Removed service "assetic.twig_formula_loader"; reason: unused
Symfony\Component\DependencyInjection\Compiler\RemoveUnusedDefinitionsPass: Removed service "assetic.twig_formula_loader.real"; reason: unused
Symfony\Component\DependencyInjection\Compiler\RemoveUnusedDefinitionsPass: Removed service "doctrine.dbal.logger"; reason: unused
Symfony\Component\DependencyInjection\Compiler\RemoveUnusedDefinitionsPass: Removed service "data_collector.doctrine"; reason: unused
Symfony\Component\DependencyInjection\Compiler\RemoveUnusedDefinitionsPass: Removed service "doctrine.dbal.default_connection.configuration"; reason: unused
Symfony\Component\DependencyInjection\Compiler\RemoveUnusedDefinitionsPass: Removed service "doctrine.dbal.logger.chain.default"; reason: unused
Symfony\Component\DependencyInjection\Compiler\RemoveUnusedDefinitionsPass: Removed service "doctrine.dbal.default_connection.event_manager"; reason: unused
Symfony\Component\DependencyInjection\Compiler\RemoveUnusedDefinitionsPass: Removed service "doctrine.orm.proxy_cache_warmer"; reason: unused
Symfony\Component\DependencyInjection\Compiler\RemoveUnusedDefinitionsPass: Removed service "doctrine.orm.listeners.resolve_target_entity"; reason: unused
Symfony\Component\DependencyInjection\Compiler\RemoveUnusedDefinitionsPass: Removed service "doctrine.orm.naming_strategy.default"; reason: unused
Symfony\Component\DependencyInjection\Compiler\RemoveUnusedDefinitionsPass: Removed service "doctrine.orm.naming_strategy.underscore"; reason: unused
Symfony\Component\DependencyInjection\Compiler\RemoveUnusedDefinitionsPass: Removed service "doctrine.orm.default_configuration"; reason: unused
Symfony\Component\DependencyInjection\Compiler\RemoveUnusedDefinitionsPass: Removed service "doctrine.orm.default_xml_metadata_driver"; reason: unused
Symfony\Component\DependencyInjection\Compiler\RemoveUnusedDefinitionsPass: Removed service "doctrine.orm.default_metadata_driver"; reason: unused
Symfony\Component\DependencyInjection\Compiler\RemoveUnusedDefinitionsPass: Removed service "doctrine.orm.default_metadata_cache"; reason: unused
Symfony\Component\DependencyInjection\Compiler\RemoveUnusedDefinitionsPass: Removed service "doctrine.orm.default_result_cache"; reason: unused
Symfony\Component\DependencyInjection\Compiler\RemoveUnusedDefinitionsPass: Removed service "doctrine.orm.default_query_cache"; reason: unused
Symfony\Component\DependencyInjection\Compiler\RemoveUnusedDefinitionsPass: Removed service "sensio_framework_extra.routing.loader.annot_dir"; reason: unused
Symfony\Component\DependencyInjection\Compiler\RemoveUnusedDefinitionsPass: Removed service "sensio_framework_extra.routing.loader.annot_file"; reason: unused
Symfony\Component\DependencyInjection\Compiler\RemoveUnusedDefinitionsPass: Removed service "jms_di_extra.metadata.driver.configured_controller_injections"; reason: unused
Symfony\Component\DependencyInjection\Compiler\RemoveUnusedDefinitionsPass: Removed service "jms_di_extra.metadata.driver.lazy_loading_driver"; reason: unused
Symfony\Component\DependencyInjection\Compiler\RemoveUnusedDefinitionsPass: Removed service "jms_di_extra.metadata.cache.file_cache"; reason: unused
Symfony\Component\DependencyInjection\Compiler\RemoveUnusedDefinitionsPass: Removed service "jms_di_extra.controller_injectors_warmer"; reason: unused
Symfony\Component\DependencyInjection\Compiler\RemoveUnusedDefinitionsPass: Removed service "security.access.run_as_manager"; reason: unused
Symfony\Component\DependencyInjection\Compiler\RemoveUnusedDefinitionsPass: Removed service "security.access.after_invocation_manager"; reason: unused
Symfony\Component\DependencyInjection\Compiler\RemoveUnusedDefinitionsPass: Removed service "security.access.after_invocation.acl_provider"; reason: unused
Symfony\Component\DependencyInjection\Compiler\RemoveUnusedDefinitionsPass: Removed service "security.extra.iddqd_voter"; reason: unused
Symfony\Component\DependencyInjection\Compiler\RemoveUnusedDefinitionsPass: Removed service "security.extra.lazy_loading_driver"; reason: unused
Symfony\Component\DependencyInjection\Compiler\RemoveUnusedDefinitionsPass: Removed service "security.extra.annotation_driver"; reason: unused
Symfony\Component\DependencyInjection\Compiler\RemoveUnusedDefinitionsPass: Removed service "security.extra.file_cache"; reason: unused
Symfony\Component\DependencyInjection\Compiler\RemoveUnusedDefinitionsPass: Removed service "security.extra.twig_extension"; reason: unused
Symfony\Component\DependencyInjection\Compiler\RemoveUnusedDefinitionsPass: Removed service "security.extra.config_driver"; reason: unused
Symfony\Component\DependencyInjection\Compiler\RemoveUnusedDefinitionsPass: Removed service "security.expressions.parameter_compiler"; reason: unused
Symfony\Component\DependencyInjection\Compiler\RemoveUnusedDefinitionsPass: Removed service "security.expressions.variable_compiler"; reason: unused
Symfony\Component\DependencyInjection\Compiler\RemoveUnusedDefinitionsPass: Removed service "security.expressions.voter"; reason: unused
Symfony\Component\DependencyInjection\Compiler\RemoveUnusedDefinitionsPass: Removed service "security.expressions.handler"; reason: unused
Symfony\Component\DependencyInjection\Compiler\RemoveUnusedDefinitionsPass: Removed service "security.acl.has_permission_compiler"; reason: unused
Symfony\Component\DependencyInjection\Compiler\RemoveUnusedDefinitionsPass: Removed service "assetic.twig_directory_resource.frameworkbundle"; reason: unused
Symfony\Component\DependencyInjection\Compiler\RemoveUnusedDefinitionsPass: Removed service "assetic.twig_directory_resource.securitybundle"; reason: unused
Symfony\Component\DependencyInjection\Compiler\RemoveUnusedDefinitionsPass: Removed service "assetic.twig_directory_resource.twigbundle"; reason: unused
Symfony\Component\DependencyInjection\Compiler\RemoveUnusedDefinitionsPass: Removed service "assetic.twig_directory_resource.monologbundle"; reason: unused
Symfony\Component\DependencyInjection\Compiler\RemoveUnusedDefinitionsPass: Removed service "assetic.twig_directory_resource.swiftmailerbundle"; reason: unused
Symfony\Component\DependencyInjection\Compiler\RemoveUnusedDefinitionsPass: Removed service "assetic.twig_directory_resource.asseticbundle"; reason: unused
Symfony\Component\DependencyInjection\Compiler\RemoveUnusedDefinitionsPass: Removed service "assetic.twig_directory_resource.doctrinebundle"; reason: unused
Symfony\Component\DependencyInjection\Compiler\RemoveUnusedDefinitionsPass: Removed service "assetic.twig_directory_resource.sensioframeworkextrabundle"; reason: unused
Symfony\Component\DependencyInjection\Compiler\RemoveUnusedDefinitionsPass: Removed service "assetic.twig_directory_resource.jmsaopbundle"; reason: unused
Symfony\Component\DependencyInjection\Compiler\RemoveUnusedDefinitionsPass: Removed service "assetic.twig_directory_resource.jmsdiextrabundle"; reason: unused
Symfony\Component\DependencyInjection\Compiler\RemoveUnusedDefinitionsPass: Removed service "assetic.twig_directory_resource.jmssecurityextrabundle"; reason: unused
Symfony\Component\DependencyInjection\Compiler\RemoveUnusedDefinitionsPass: Removed service "assetic.twig_directory_resource.redactionbundle"; reason: unused
Symfony\Component\DependencyInjection\Compiler\RemoveUnusedDefinitionsPass: Removed service "assetic.twig_directory_resource.documentbundle"; reason: unused
Symfony\Component\DependencyInjection\Compiler\RemoveUnusedDefinitionsPass: Removed service "assetic.twig_directory_resource.quizbundle"; reason: unused
Symfony\Component\DependencyInjection\Compiler\RemoveUnusedDefinitionsPass: Removed service "assetic.twig_directory_resource.imagebundle"; reason: unused
Symfony\Component\DependencyInjection\Compiler\RemoveUnusedDefinitionsPass: Removed service "assetic.twig_directory_resource.commentairebundle"; reason: unused
Symfony\Component\DependencyInjection\Compiler\RemoveUnusedDefinitionsPass: Removed service "assetic.twig_directory_resource.videobundle"; reason: unused
Symfony\Component\DependencyInjection\Compiler\RemoveUnusedDefinitionsPass: Removed service "assetic.twig_directory_resource.produitbundle"; reason: unused
Symfony\Component\DependencyInjection\Compiler\RemoveUnusedDefinitionsPass: Removed service "assetic.twig_directory_resource.corebundle"; reason: unused
Symfony\Component\DependencyInjection\Compiler\RemoveUnusedDefinitionsPass: Removed service "assetic.twig_directory_resource.concoursbundle"; reason: unused
Symfony\Component\DependencyInjection\Compiler\RemoveUnusedDefinitionsPass: Removed service "assetic.twig_directory_resource.conseilexpertbundle"; reason: unused
Symfony\Component\DependencyInjection\Compiler\RemoveUnusedDefinitionsPass: Removed service "assetic.twig_directory_resource.causeusebundle"; reason: unused
Symfony\Component\DependencyInjection\Compiler\RemoveUnusedDefinitionsPass: Removed service "assetic.twig_directory_resource.brevebundle"; reason: unused
Symfony\Component\DependencyInjection\Compiler\RemoveUnusedDefinitionsPass: Removed service "assetic.twig_directory_resource.dossierredactionbundle"; reason: unused
Symfony\Component\DependencyInjection\Compiler\RemoveUnusedDefinitionsPass: Removed service "assetic.twig_directory_resource.profilbundle"; reason: unused
Symfony\Component\DependencyInjection\Compiler\RemoveUnusedDefinitionsPass: Removed service "assetic.twig_directory_resource.nanabundle"; reason: unused
Symfony\Component\DependencyInjection\Compiler\RemoveUnusedDefinitionsPass: Removed service "assetic.twig_directory_resource.newsletterbundle"; reason: unused
Symfony\Component\DependencyInjection\Compiler\RemoveUnusedDefinitionsPass: Removed service "assetic.twig_directory_resource.advertisebundle"; reason: unused
Symfony\Component\DependencyInjection\Compiler\RemoveUnusedDefinitionsPass: Removed service "assetic.twig_directory_resource.sliderbundle"; reason: unused
Symfony\Component\DependencyInjection\Compiler\RemoveUnusedDefinitionsPass: Removed service "assetic.twig_directory_resource.kernel"; reason: unused
Symfony\Component\DependencyInjection\Compiler\RemoveUnusedDefinitionsPass: Removed service "doctrine.orm.default_entity_manager.delegate"; reason: unused
Symfony\Component\DependencyInjection\Compiler\InlineServiceDefinitionsPass: Inlined service "templating.finder" to "cache_warmer".
Symfony\Component\DependencyInjection\Compiler\InlineServiceDefinitionsPass: Inlined service "templating.finder" to "cache_warmer".
Symfony\Component\DependencyInjection\Compiler\InlineServiceDefinitionsPass: Inlined service "sensio_framework_extra.routing.loader.annot_class" to "routing.loader".
Symfony\Component\DependencyInjection\Compiler\InlineServiceDefinitionsPass: Inlined service "sensio_framework_extra.routing.loader.annot_class" to "routing.loader".
Symfony\Component\DependencyInjection\Compiler\InlineServiceDefinitionsPass: Inlined service "sensio_framework_extra.routing.loader.annot_class" to "routing.loader".
Symfony\Component\DependencyInjection\Compiler\InlineServiceDefinitionsPass: Inlined service "security.user_checker" to "security.authentication.manager".
Symfony\Component\DependencyInjection\Compiler\InlineServiceDefinitionsPass: Inlined service "security.user_checker" to "security.authentication.manager".
Symfony\Component\DependencyInjection\Compiler\InlineServiceDefinitionsPass: Inlined service "security.access_map" to "security.firewall.map.context.general".
Symfony\Component\DependencyInjection\Compiler\InlineServiceDefinitionsPass: Inlined service "security.authentication.rememberme.services.simplehash.general" to "security.firewall.map.context.general".
Symfony\Component\DependencyInjection\Compiler\InlineServiceDefinitionsPass: Inlined service "security.authentication.rememberme.services.simplehash.general" to "security.firewall.map.context.general".
Symfony\Component\DependencyInjection\Compiler\InlineServiceDefinitionsPass: Inlined service "security.authentication.form_entry_point.general" to "security.firewall.map.context.general".
Symfony\Component\DependencyInjection\Compiler\InlineServiceDefinitionsPass: Inlined service "security.authentication.rememberme.services.simplehash.general" to "security.firewall.map.context.general".
Symfony\Component\DependencyInjection\Compiler\InlineServiceDefinitionsPass: Inlined service "security.access_map" to "security.firewall.map.context.general".
Symfony\Component\DependencyInjection\Compiler\InlineServiceDefinitionsPass: Inlined service "security.authentication.form_entry_point.general" to "security.firewall.map.context.general".
Symfony\Component\DependencyInjection\Compiler\InlineServiceDefinitionsPass: Inlined service "doctrine.dbal.logger.profiling.default" to "doctrine.dbal.default_connection".
Symfony\Component\DependencyInjection\Compiler\InlineServiceDefinitionsPass: Inlined service "annotations.reader" to "annotation_reader".
Symfony\Component\DependencyInjection\Compiler\InlineServiceDefinitionsPass: Inlined service "swiftmailer.transport.buffer" to "swiftmailer.transport.real".
Symfony\Component\DependencyInjection\Compiler\RemoveUnusedDefinitionsPass: Removed service "templating.finder"; reason: unused
Symfony\Component\DependencyInjection\Compiler\RemoveUnusedDefinitionsPass: Removed service "templating.debugger"; reason: unused
Symfony\Component\DependencyInjection\Compiler\RemoveUnusedDefinitionsPass: Removed service "annotations.reader"; reason: unused
Symfony\Component\DependencyInjection\Compiler\RemoveUnusedDefinitionsPass: Removed service "security.user_checker"; reason: unused
Symfony\Component\DependencyInjection\Compiler\RemoveUnusedDefinitionsPass: Removed service "security.access_map"; reason: unused
Symfony\Component\DependencyInjection\Compiler\RemoveUnusedDefinitionsPass: Removed service "security.authentication.form_entry_point.general"; reason: unused
Symfony\Component\DependencyInjection\Compiler\RemoveUnusedDefinitionsPass: Removed service "security.authentication.rememberme.services.simplehash.general"; reason: unused
Symfony\Component\DependencyInjection\Compiler\RemoveUnusedDefinitionsPass: Removed service "swiftmailer.transport.buffer"; reason: unused
Symfony\Component\DependencyInjection\Compiler\RemoveUnusedDefinitionsPass: Removed service "doctrine.dbal.logger.profiling.default"; reason: unused
Symfony\Component\DependencyInjection\Compiler\RemoveUnusedDefinitionsPass: Removed service "sensio_framework_extra.routing.loader.annot_class"; reason: unused
Symfony\Component\DependencyInjection\Compiler\InlineServiceDefinitionsPass: Inlined service "security.http_utils" to "security.firewall.map.context.general".
Symfony\Component\DependencyInjection\Compiler\InlineServiceDefinitionsPass: Inlined service "security.http_utils" to "security.firewall.map.context.general".
Symfony\Component\DependencyInjection\Compiler\InlineServiceDefinitionsPass: Inlined service "security.http_utils" to "security.firewall.map.context.general".
Symfony\Component\DependencyInjection\Compiler\InlineServiceDefinitionsPass: Inlined service "security.http_utils" to "security.firewall.map.context.general".
Symfony\Component\DependencyInjection\Compiler\InlineServiceDefinitionsPass: Inlined service "security.http_utils" to "security.firewall.map.context.general".
Symfony\Component\DependencyInjection\Compiler\InlineServiceDefinitionsPass: Inlined service "security.http_utils" to "security.firewall.map.context.general".
Symfony\Component\DependencyInjection\Compiler\InlineServiceDefinitionsPass: Inlined service "security.http_utils" to "security.firewall.map.context.general".
Symfony\Component\DependencyInjection\Compiler\RemoveUnusedDefinitionsPass: Removed service "security.http_utils"; reason: unused